               time,               Date,           Rainfall,      Inifiltration,         Runoff@end,       WaterStorage,      LeftDischarge,      RightDischarge
  45292.0000  01/01/2024        0.0000        0.0000        0.0000        0.0000        0.0000        0.0000
  45292.0417  01/01/2024        0.0000        0.0000        0.0000        0.0000        0.0000        0.0000
  45292.0833  01/01/2024        0.0000        0.0000        0.0000        0.0000        0.0000        0.0000
  45292.1250  01/01/2024        0.0000        0.0000        0.0000        0.0000        0.0000        0.0000
  45292.1667  01/01/2024        0.0000        0.0000        0.0000        0.0000        0.0000        0.0000
  45292.2083  01/01/2024        0.0000        0.0000        0.0000        0.0000        0.0000        0.0000
  45292.2500  01/01/2024        0.0000        0.0000        0.0000        0.0000        0.0000        0.0000
  45292.2917  01/01/2024        0.0000        0.0000        0.0000        0.0000        0.0000        0.0000
  45292.3333  01/01/2024        0.0000        0.0000        0.0000        0.0000        0.0000        0.0000
  45292.3750  01/01/2024        0.0000        0.0000        0.0000        0.0000        0.0000        0.0000
  45292.4167  01/01/2024        0.0000        0.0000        0.0000        0.0000        0.0000        0.0000
  45292.4583  01/01/2024        0.0000        0.0000        0.0000        0.0000        0.0000        0.0000
  45292.5000  01/01/2024        0.0000        0.0000        0.0000        0.0000        0.0000        0.0000
  45292.5417  01/01/2024        0.0000        0.0000        0.0000        0.0000        0.0000        0.0000
  45292.5833  01/01/2024        0.0000        0.0000        0.0000        0.0000        0.0000        0.0000
  45292.6250  01/01/2024        0.0000        0.0000        0.0000        0.0000        0.0000        0.0000
  45292.6667  01/01/2024        0.0000        0.0000        0.0000        0.0000        0.0000        0.0000
  45292.7083  01/01/2024        0.0000        0.0000        0.0000        0.0000        0.0000        0.0000
  45292.7500  01/01/2024        9.7695        9.7637        0.0000        0.0000        0.0000        0.0000
  45292.7917  01/01/2024       37.5750       37.5503        0.0000        0.0000        0.0000        0.0000
  45292.8333  01/01/2024       37.0585       37.0342        0.0000        0.0000        0.0000        0.0000
  45292.8750  01/01/2024        0.0000        0.0000        0.0000        0.0000        0.0000        0.0000
  45292.9167  01/01/2024        0.0000        0.0000        0.0000        0.0000        0.0000        0.0000
  45292.9583  01/01/2024        0.0000        0.0000        0.0000        0.0000        0.0000        0.0000
  45293.0000  01/02/2024        0.0000        0.0000        0.0000        0.0000        0.0000        0.0000
  45293.0417  01/02/2024        0.0000        0.0000        0.0000        0.0000        0.0000        0.0000
  45293.0833  01/02/2024        0.0000        0.0000        0.0000        0.0000        0.0000        0.0000
  45293.1250  01/02/2024        0.0000        0.0000        0.0000        0.0000        0.0000        0.0000
  45293.1667  01/02/2024        0.0000        0.0000        0.0000        0.0000        0.0000        0.0000
  45293.2083  01/02/2024        0.0000        0.0000        0.0000        0.0000        0.0000        0.0000
  45293.2500  01/02/2024        0.0000        0.0000        0.0000        0.0000        0.0000        0.0000
  45293.2917  01/02/2024        0.0000        0.0000        0.0000        0.0000        0.0000        0.0000
  45293.3333  01/02/2024        0.0000        0.0000        0.0000        0.0000        0.0000        0.0000
  45293.3750  01/02/2024        0.0000        0.0000        0.0000        0.0000        0.0000        0.0000
  45293.4167  01/02/2024        0.0000        0.0000        0.0000        0.0000        0.0000        0.0000
  45293.4583  01/02/2024        0.0000        0.0000        0.0000        0.0000        0.0000        0.0000
  45293.5000  01/02/2024        0.0000        0.0000        0.0000        0.0000        0.0000        0.0000
  45293.5417  01/02/2024        0.0000        0.0000        0.0000        0.0000        0.0000        0.0000
  45293.5833  01/02/2024        0.0000        0.0000        0.0000        0.0000        0.0000        0.0000
  45293.6250  01/02/2024        0.0000        0.0000        0.0000        0.0000        0.0000        0.0000
  45293.6667  01/02/2024        0.0000        0.0000        0.0000        0.0000        0.0000        0.0000
  45293.7083  01/02/2024        0.0000        0.0000        0.0000        0.0000        0.0000        0.0000
  45293.7500  01/02/2024        0.0000        0.0000        0.0000        0.0000        0.0000        0.0000
  45293.7917  01/02/2024        0.0000        0.0000        0.0000        0.0000        0.0000        0.0000
  45293.8333  01/02/2024        0.0000        0.0000        0.0000        0.0000        0.0000        0.0000
  45293.8750  01/02/2024        0.0000        0.0000        0.0000        0.0000        0.0000        0.0000
  45293.9167  01/02/2024        0.0000        0.0000        0.0000        0.0000        0.0000        0.0000
  45293.9583  01/02/2024        0.0000        0.0000        0.0000        0.0000        0.0000        0.0000
  45294.0000  01/03/2024        0.0000        0.0000        0.0000        0.0000        0.0000        0.0000
  45294.0417  01/03/2024        0.0000        0.0000        0.0000        0.0000        0.0000        0.0000
  45294.0833  01/03/2024        0.0000        0.0000        0.0000        0.0000        0.0000        0.0000
  45294.1250  01/03/2024        0.0000        0.0000        0.0000        0.0000        0.0000        0.0000
  45294.1667  01/03/2024        0.0000        0.0000        0.0000        0.0000        0.0000        0.0000
  45294.2083  01/03/2024        0.0000        0.0000        0.0000        0.0000        0.0000        0.0000
  45294.2500  01/03/2024        0.0000        0.0000        0.0000        0.0000        0.0000        0.0000
  45294.2917  01/03/2024        0.0000        0.0000        0.0000        0.0000        0.0000        0.0000
  45294.3333  01/03/2024        0.0000        0.0000        0.0000        0.0000        0.0000        0.0000
  45294.3750  01/03/2024        0.0000        0.0000        0.0000        0.0000        0.0000        0.0000
  45294.4167  01/03/2024        0.0000        0.0000        0.0000        0.0000        0.0000        0.0000
  45294.4583  01/03/2024        0.0000        0.0000        0.0000        0.0000        0.0000        0.0000
  45294.5000  01/03/2024        0.0000        0.0000        0.0000        0.0000        0.0000        0.0000
  45294.5417  01/03/2024        0.0000        0.0000        0.0000        0.0000        0.0000        0.0000
  45294.5833  01/03/2024        0.0000        0.0000        0.0000        0.0000        0.0000        0.0000
  45294.6250  01/03/2024        0.0000        0.0000        0.0000        0.0000        0.0000        0.0000
  45294.6667  01/03/2024        0.0000        0.0000        0.0000        0.0000        0.0000        0.0000
  45294.7083  01/03/2024        0.0000        0.0000        0.0000        0.0000        0.0000        0.0000
  45294.7500  01/03/2024        0.0000        0.0000        0.0000        0.0000        0.0000        0.0000
  45294.7917  01/03/2024        0.0000        0.0000        0.0000        0.0000        0.0000        0.0000
  45294.8333  01/03/2024        0.0000        0.0000        0.0000        0.0000        0.0000        0.0000
  45294.8750  01/03/2024        0.0000        0.0000        0.0000        0.0000        0.0000        0.0000
  45294.9167  01/03/2024        0.0000        0.0000        0.0000        0.0000        0.0000        0.0000
  45294.9583  01/03/2024        0.0000        0.0000        0.0000        0.0000        0.0000        0.0000
  45295.0000  01/04/2024        0.0000        0.0000        0.0000        0.0000        0.0000        0.0000
  45295.0417  01/04/2024        0.0000        0.0000        0.0000        0.0000        0.0000        0.0000
  45295.0833  01/04/2024        0.0000        0.0000        0.0000        0.0000        0.0000        0.0000
  45295.1250  01/04/2024        0.0000        0.0000        0.0000        0.0000        0.0000        0.0000
  45295.1667  01/04/2024        0.0000        0.0000        0.0000        0.0000        0.0000        0.0000
  45295.2083  01/04/2024        0.0000        0.0000        0.0000        0.0000        0.0000        0.0000
  45295.2500  01/04/2024        0.0000        0.0000        0.0000        0.0000        0.0000        0.0000
  45295.2917  01/04/2024        0.0000        0.0000        0.0000        0.0000        0.0000        0.0000
  45295.3333  01/04/2024        0.0000        0.0000        0.0000        0.0000        0.0000        0.0000
  45295.3750  01/04/2024        0.0000        0.0000        0.0000        0.0000        0.0000        0.0000
  45295.4167  01/04/2024        0.0000        0.0000        0.0000        0.0000        0.0000        0.0000
  45295.4583  01/04/2024        0.0000        0.0000        0.0000        0.0000        0.0000        0.0000
  45295.5000  01/04/2024        0.0000        0.0000        0.0000        0.0000        0.0000        0.0000
  45295.5417  01/04/2024        0.0000        0.0000        0.0000        0.0000        0.0000        0.0000
  45295.5833  01/04/2024        0.0000        0.0000        0.0000        0.0000        0.0000        0.0000
  45295.6250  01/04/2024        0.0000        0.0000        0.0000        0.0000        0.0000        0.0000
  45295.6667  01/04/2024        0.0000        0.0000        0.0000        0.0000        0.0000        0.0000
  45295.7083  01/04/2024        0.0000        0.0000        0.0000        0.0000        0.0000        0.0000
  45295.7500  01/04/2024        0.0000        0.0000        0.0000        0.0000        0.0000        0.0000
  45295.7917  01/04/2024        0.0000        0.0000        0.0000        0.0000        0.0000        0.0000
  45295.8333  01/04/2024        0.0000        0.0000        0.0000        0.0000        0.0000        0.0000
  45295.8750  01/04/2024        0.0000        0.0000        0.0000        0.0000        0.0000        0.0000
  45295.9167  01/04/2024        0.0000        0.0000        0.0000        0.0000        0.0000        0.0000
  45295.9583  01/04/2024        0.0000        0.0000        0.0000        0.0000        0.0000        0.0000
  45296.0000  01/05/2024        0.0000        0.0000        0.0000        0.0000        0.0000        0.0000
  45296.0417  01/05/2024        0.0000        0.0000        0.0000        0.0000        0.0000        0.0000
  45296.0833  01/05/2024        0.0000        0.0000        0.0000        0.0000        0.0000        0.0000
  45296.1250  01/05/2024        0.0000        0.0000        0.0000        0.0000        0.0000        0.0000
  45296.1667  01/05/2024        0.0000        0.0000        0.0000        0.0000        0.0000        0.0000
  45296.2083  01/05/2024        0.0000        0.0000        0.0000        0.0000        0.0000        0.0000
  45296.2500  01/05/2024        0.0000        0.0000        0.0000        0.0000        0.0000        0.0000
  45296.2917  01/05/2024        0.0000        0.0000        0.0000        0.0000        0.0000        0.0000
  45296.3333  01/05/2024        0.0000        0.0000        0.0000        0.0000        0.0000        0.0000
  45296.3750  01/05/2024        0.0000        0.0000        0.0000        0.0000        0.0000        0.0000
  45296.4167  01/05/2024        0.0000        0.0000        0.0000        0.0000        0.0000        0.0000
  45296.4583  01/05/2024        0.0000        0.0000        0.0000        0.0000        0.0000        0.0000
  45296.5000  01/05/2024        0.0000        0.0000        0.0000        0.0000        0.0000        0.0000
  45296.5417  01/05/2024        0.0000        0.0000        0.0000        0.0000        0.0000        0.0000
  45296.5833  01/05/2024        0.0000        0.0000        0.0000        0.0000        0.0000        0.0000
  45296.6250  01/05/2024        0.0000        0.0000        0.0000        0.0000        0.0000        0.0000
  45296.6667  01/05/2024        0.0000        0.0000        0.0000        0.0000        0.0000        0.0000
  45296.7083  01/05/2024        0.0000        0.0000        0.0000        0.0000        0.0000        0.0000
  45296.7500  01/05/2024        0.0000        0.0000        0.0000        0.0000        0.0000        0.0000
  45296.7917  01/05/2024        0.0000        0.0000        0.0000        0.0000        0.0000        0.0000
  45296.8333  01/05/2024        0.0000        0.0000        0.0000        0.0000        0.0000        0.0000
  45296.8750  01/05/2024        0.0000        0.0000        0.0000        0.0000        0.0000        0.0000
  45296.9167  01/05/2024        0.0000        0.0000        0.0000        0.0000        0.0000        0.0000
  45296.9583  01/05/2024        0.0000        0.0000        0.0000        0.0000        0.0000        0.0000
  45297.0000  01/06/2024        0.0000        0.0000        0.0000        0.0000        0.0000        0.0000
  45297.0417  01/06/2024        0.0000        0.0000        0.0000        0.0000        0.0000        0.0000
  45297.0833  01/06/2024        0.0000        0.0000        0.0000        0.0000        0.0000        0.0000
  45297.1250  01/06/2024        0.0000        0.0000        0.0000        0.0000        0.0000        0.0000
  45297.1667  01/06/2024        0.0000        0.0000        0.0000        0.0000        0.0000        0.0000
  45297.2083  01/06/2024        0.0000        0.0000        0.0000        0.0000        0.0000        0.0000
  45297.2500  01/06/2024        0.0000        0.0000        0.0000        0.0000        0.0000        0.0000
  45297.2917  01/06/2024        0.0000        0.0000        0.0000        0.0000        0.0000        0.0000
  45297.3333  01/06/2024        0.0000        0.0000        0.0000        0.0000        0.0000        0.0000
  45297.3750  01/06/2024        0.0000        0.0000        0.0000        0.0000        0.0000        0.0000
  45297.4167  01/06/2024        0.0000        0.0000        0.0000        0.0000        0.0000        0.0000
  45297.4583  01/06/2024        0.0000        0.0000        0.0000        0.0000        0.0000        0.0000
  45297.5000  01/06/2024        0.0000        0.0000        0.0000        0.0000        0.0000        0.0000
  45297.5417  01/06/2024        0.0000        0.0000        0.0000        0.0000        0.0000        0.0000
  45297.5833  01/06/2024        0.0000        0.0000        0.0000        0.0000        0.0000        0.0000
  45297.6250  01/06/2024        0.0000        0.0000        0.0000        0.0000        0.0000        0.0000
  45297.6667  01/06/2024        0.0000        0.0000        0.0000        0.0000        0.0000        0.0000
  45297.7083  01/06/2024        0.0000        0.0000        0.0000        0.0000        0.0000        0.0000
  45297.7500  01/06/2024        0.0000        0.0000        0.0000        0.0000        0.0000        0.0000
  45297.7917  01/06/2024        0.0000        0.0000        0.0000        0.0000        0.0000        0.0000
  45297.8333  01/06/2024        0.0000        0.0000        0.0000        0.0000        0.0000        0.0000
  45297.8750  01/06/2024        0.0000        0.0000        0.0000        0.0000        0.0000        0.0000
  45297.9167  01/06/2024        0.0000        0.0000        0.0000        0.0000        0.0000        0.0000
  45297.9583  01/06/2024        0.0000        0.0000        0.0000        0.0000        0.0000        0.0000
  45298.0000  01/07/2024        0.0000        0.0000        0.0000        0.0000        0.0000        0.0000
  45298.0417  01/07/2024        0.0000        0.0000        0.0000        0.0000        0.0000        0.0000
  45298.0833  01/07/2024        0.0000        0.0000        0.0000        0.0000        0.0000        0.0000
  45298.1250  01/07/2024        0.0000        0.0000        0.0000        0.0000        0.0000        0.0000
  45298.1667  01/07/2024        0.0000        0.0000        0.0000        0.0000        0.0000        0.0000
  45298.2083  01/07/2024        0.0000        0.0000        0.0000        0.0000        0.0000        0.0000
  45298.2500  01/07/2024        0.0000        0.0000        0.0000        0.0000        0.0000        0.0000
  45298.2917  01/07/2024        0.0000        0.0000        0.0000        0.0000        0.0000        0.0000
  45298.3333  01/07/2024        0.0000        0.0000        0.0000        0.0000        0.0000        0.0000
  45298.3750  01/07/2024        0.0000        0.0000        0.0000        0.0000        0.0000        0.0000
  45298.4167  01/07/2024        0.0000        0.0000        0.0000        0.0000        0.0000        0.0000
  45298.4583  01/07/2024        0.0000        0.0000        0.0000        0.0000        0.0000        0.0000
  45298.5000  01/07/2024        0.0000        0.0000        0.0000        0.0000        0.0000        0.0000
  45298.5417  01/07/2024        0.0000        0.0000        0.0000        0.0000        0.0000        0.0000
  45298.5833  01/07/2024        0.0000        0.0000        0.0000        0.0000        0.0000        0.0000
  45298.6250  01/07/2024        0.0000        0.0000        0.0000        0.0000        0.0000        0.0000
  45298.6667  01/07/2024        0.0000        0.0000        0.0000        0.0000        0.0000        0.0000
  45298.7083  01/07/2024        0.0000        0.0000        0.0000        0.0000        0.0000        0.0000
  45298.7500  01/07/2024        0.0000        0.0000        0.0000        0.0000        0.0000        0.0000
  45298.7917  01/07/2024        0.0000        0.0000        0.0000        0.0000        0.0000        0.0000
  45298.8333  01/07/2024        0.0000        0.0000        0.0000        0.0000        0.0000        0.0000
  45298.8750  01/07/2024        0.0000        0.0000        0.0000        0.0000        0.0000        0.0000
  45298.9167  01/07/2024        0.0000        0.0000        0.0000        0.0000        0.0000        0.0000
  45298.9583  01/07/2024        0.0000        0.0000        0.0000        0.0000        0.0000        0.0000
  45299.0000  01/08/2024        0.0000        0.0000        0.0000        0.0000        0.0000        0.0000
  45299.0417  01/08/2024        0.0000        0.0000        0.0000        0.0000        0.0000        0.0000
  45299.0833  01/08/2024        0.0000        0.0000        0.0000        0.0000        0.0000        0.0000
  45299.1250  01/08/2024        0.0000        0.0000        0.0000        0.0000        0.0000        0.0000
  45299.1667  01/08/2024        0.0000        0.0000        0.0000        0.0000        0.0000        0.0000
  45299.2083  01/08/2024        0.0000        0.0000        0.0000        0.0000        0.0000        0.0000
  45299.2500  01/08/2024        0.0000        0.0000        0.0000        0.0000        0.0000        0.0000
  45299.2917  01/08/2024        0.0000        0.0000        0.0000        0.0000        0.0000        0.0000
  45299.3333  01/08/2024        0.0000        0.0000        0.0000        0.0000        0.0000        0.0000
  45299.3750  01/08/2024        0.0000        0.0000        0.0000        0.0000        0.0000        0.0000
  45299.4167  01/08/2024        0.0000        0.0000        0.0000        0.0000        0.0000        0.0000
  45299.4583  01/08/2024        0.0000        0.0000        0.0000        0.0000        0.0000        0.0000
  45299.5000  01/08/2024        0.0000        0.0000        0.0000        0.0000        0.0000        0.0000
  45299.5417  01/08/2024        0.0000        0.0000        0.0000        0.0000        0.0000        0.0000
  45299.5833  01/08/2024        0.0000        0.0000        0.0000        0.0000        0.0000        0.0000
  45299.6250  01/08/2024        0.0000        0.0000        0.0000        0.0000        0.0000        0.0000
  45299.6667  01/08/2024        0.0000        0.0000        0.0000        0.0000        0.0000        0.0000
  45299.7083  01/08/2024        0.0000        0.0000        0.0000        0.0000        0.0000        0.0000
  45299.7500  01/08/2024        0.0000        0.0000        0.0000        0.0000        0.0000        0.0000
  45299.7917  01/08/2024        0.0000        0.0000        0.0000        0.0000        0.0000        0.0000
  45299.8333  01/08/2024        0.0000        0.0000        0.0000        0.0000        0.0000        0.0000
  45299.8750  01/08/2024        0.0000        0.0000        0.0000        0.0000        0.0000        0.0000
  45299.9167  01/08/2024        0.0000        0.0000        0.0000        0.0000        0.0000        0.0000
  45299.9583  01/08/2024        0.0000        0.0000        0.0000        0.0000        0.0000        0.0000
  45300.0000  01/09/2024        0.0000        0.0000        0.0000        0.0000        0.0000        0.0000
  45300.0417  01/09/2024        0.0000        0.0000        0.0000        0.0000        0.0000        0.0000
  45300.0833  01/09/2024        0.0000        0.0000        0.0000        0.0000        0.0000        0.0000
  45300.1250  01/09/2024        0.0000        0.0000        0.0000        0.0000        0.0000        0.0000
  45300.1667  01/09/2024        0.0000        0.0000        0.0000        0.0000        0.0000        0.0000
  45300.2083  01/09/2024        0.0000        0.0000        0.0000        0.0000        0.0000        0.0000
  45300.2500  01/09/2024        0.0000        0.0000        0.0000        0.0000        0.0000        0.0000
  45300.2917  01/09/2024        0.0000        0.0000        0.0000        0.0000        0.0000        0.0000
  45300.3333  01/09/2024        0.0000        0.0000        0.0000        0.0000        0.0000        0.0000
  45300.3750  01/09/2024        0.0000        0.0000        0.0000        0.0000        0.0000        0.0000
  45300.4167  01/09/2024        0.0000        0.0000        0.0000        0.0000        0.0000        0.0000
  45300.4583  01/09/2024        0.0000        0.0000        0.0000        0.0000        0.0000        0.0000
  45300.5000  01/09/2024        0.0000        0.0000        0.0000        0.0000        0.0000        0.0000
  45300.5417  01/09/2024        0.0000        0.0000        0.0000        0.0000        0.0000        0.0000
  45300.5833  01/09/2024        0.0000        0.0000        0.0000        0.0000        0.0000        0.0000
  45300.6250  01/09/2024        0.0000        0.0000        0.0000        0.0000        0.0000        0.0000
  45300.6667  01/09/2024        0.0000        0.0000        0.0000        0.0000        0.0000        0.0000
  45300.7083  01/09/2024        0.0000        0.0000        0.0000        0.0000        0.0000        0.0000
  45300.7500  01/09/2024        9.7695        9.7630        0.0000        0.0000        0.0000        0.0000
  45300.7917  01/09/2024       37.5750       37.5501        0.0000        0.0000        0.0000        0.0000
  45300.8333  01/09/2024       37.3478       37.3233        0.0000        0.0000        0.0000        0.0000
  45300.8750  01/09/2024        0.0000        0.0000        0.0000        0.0000        0.0000        0.0000
  45300.9167  01/09/2024        0.0000        0.0000        0.0000        0.0000        0.0000        0.0000
  45300.9583  01/09/2024        0.0000        0.0000        0.0000        0.0000        0.0000        0.0000
  45301.0000  01/10/2024        0.0000        0.0000        0.0000        0.0000        0.0000        0.0000
  45301.0417  01/10/2024        0.0000        0.0000        0.0000        0.0000        0.0000        0.0000
  45301.0833  01/10/2024        0.0000        0.0000        0.0000        0.0000        0.0000        0.0000
  45301.1250  01/10/2024        0.0000        0.0000        0.0000        0.0000        0.0000        0.0000
  45301.1667  01/10/2024        0.0000        0.0000        0.0000        0.0000        0.0000        0.0000
  45301.2083  01/10/2024        0.0000        0.0000        0.0000        0.0000        0.0000        0.0000
  45301.2500  01/10/2024        0.0000        0.0000        0.0000        0.0000        0.0000        0.0000
  45301.2917  01/10/2024        0.0000        0.0000        0.0000        0.0000        0.0000        0.0000
  45301.3333  01/10/2024        0.0000        0.0000        0.0000        0.0000        0.0000        0.0000
  45301.3750  01/10/2024        0.0000        0.0000        0.0000        0.0000        0.0000        0.0000
  45301.4167  01/10/2024        0.0000        0.0000        0.0000        0.0000        0.0000        0.0000
  45301.4583  01/10/2024        0.0000        0.0000        0.0000        0.0000        0.0000        0.0000
  45301.5000  01/10/2024        0.0000        0.0000        0.0000        0.0000        0.0000        0.0000
  45301.5417  01/10/2024        0.0000        0.0000        0.0000        0.0000        0.0000        0.0000
  45301.5833  01/10/2024        0.0000        0.0000        0.0000        0.0000        0.0000        0.0000
  45301.6250  01/10/2024        0.0000        0.0000        0.0000        0.0000        0.0000        0.0000
  45301.6667  01/10/2024        0.0000        0.0000        0.0000        0.0000        0.0000        0.0000
  45301.7083  01/10/2024        0.0000        0.0000        0.0000        0.0000        0.0000        0.0000
  45301.7500  01/10/2024        0.0000        0.0000        0.0000        0.0000        0.0000        0.0000
  45301.7917  01/10/2024        0.0000        0.0000        0.0000        0.0000        0.0000        0.0000
  45301.8333  01/10/2024        0.0000        0.0000        0.0000        0.0000        0.0000        0.0000
  45301.8750  01/10/2024        0.0000        0.0000        0.0000        0.0000        0.0000        0.0000
  45301.9167  01/10/2024        0.0000        0.0000        0.0000        0.0000        0.0000        0.0000
  45301.9583  01/10/2024        0.0000        0.0000        0.0000        0.0000        0.0000        0.0000
  45302.0000  01/11/2024        0.0000        0.0000        0.0000        0.0000        0.0000        0.0000
  45302.0417  01/11/2024        0.0000        0.0000        0.0000        0.0000        0.0000        0.0000
  45302.0833  01/11/2024        0.0000        0.0000        0.0000        0.0000        0.0000        0.0000
  45302.1250  01/11/2024        0.0000        0.0000        0.0000        0.0000        0.0000        0.0000
  45302.1667  01/11/2024        0.0000        0.0000        0.0000        0.0000        0.0000        0.0000
  45302.2083  01/11/2024        0.0000        0.0000        0.0000        0.0000        0.0000        0.0000
  45302.2500  01/11/2024        0.0000        0.0000        0.0000        0.0000        0.0000        0.0000
  45302.2917  01/11/2024        0.0000        0.0000        0.0000        0.0000        0.0000        0.0000
  45302.3333  01/11/2024        0.0000        0.0000        0.0000        0.0000        0.0000        0.0000
  45302.3750  01/11/2024        0.0000        0.0000        0.0000        0.0000        0.0000        0.0000
  45302.4167  01/11/2024        0.0000        0.0000        0.0000        0.0000        0.0000        0.0000
  45302.4583  01/11/2024        0.0000        0.0000        0.0000        0.0000        0.0000        0.0000
  45302.5000  01/11/2024        0.0000        0.0000        0.0000        0.0000        0.0000        0.0000
  45302.5417  01/11/2024        0.0000        0.0000        0.0000        0.0000        0.0000        0.0000
  45302.5833  01/11/2024        0.0000        0.0000        0.0000        0.0000        0.0000        0.0000
  45302.6250  01/11/2024        0.0000        0.0000        0.0000        0.0000        0.0000        0.0000
  45302.6667  01/11/2024        0.0000        0.0000        0.0000        0.0000        0.0000        0.0000
  45302.7083  01/11/2024        0.0000        0.0000        0.0000        0.0000        0.0000        0.0000
  45302.7500  01/11/2024        0.0000        0.0000        0.0000        0.0000        0.0000        0.0000
  45302.7917  01/11/2024        0.0000        0.0000        0.0000        0.0000        0.0000        0.0000
  45302.8333  01/11/2024        0.0000        0.0000        0.0000        0.0000        0.0000        0.0000
  45302.8750  01/11/2024        0.0000        0.0000        0.0000        0.0000        0.0000        0.0000
  45302.9167  01/11/2024        0.0000        0.0000        0.0000        0.0000        0.0000        0.0000
  45302.9583  01/11/2024        0.0000        0.0000        0.0000        0.0000        0.0000        0.0000
  45303.0000  01/12/2024        0.0000        0.0000        0.0000        0.0000        0.0000        0.0000
  45303.0417  01/12/2024        0.0000        0.0000        0.0000        0.0000        0.0000        0.0000
  45303.0833  01/12/2024        0.0000        0.0000        0.0000        0.0000        0.0000        0.0000
  45303.1250  01/12/2024        0.0000        0.0000        0.0000        0.0000        0.0000        0.0000
  45303.1667  01/12/2024        0.0000        0.0000        0.0000        0.0000        0.0000        0.0000
  45303.2083  01/12/2024        0.0000        0.0000        0.0000        0.0000        0.0000        0.0000
  45303.2500  01/12/2024        0.0000        0.0000        0.0000        0.0000        0.0000        0.0000
  45303.2917  01/12/2024        0.0000        0.0000        0.0000        0.0000        0.0000        0.0000
  45303.3333  01/12/2024        0.0000        0.0000        0.0000        0.0000        0.0000        0.0000
  45303.3750  01/12/2024        0.0000        0.0000        0.0000        0.0000        0.0000        0.0000
  45303.4167  01/12/2024        0.0000        0.0000        0.0000        0.0000        0.0000        0.0000
  45303.4583  01/12/2024        0.0000        0.0000        0.0000        0.0000        0.0000        0.0000
  45303.5000  01/12/2024        0.0000        0.0000        0.0000        0.0000        0.0000        0.0000
  45303.5417  01/12/2024        0.0000        0.0000        0.0000        0.0000        0.0000        0.0000
  45303.5833  01/12/2024        0.0000        0.0000        0.0000        0.0000        0.0000        0.0000
  45303.6250  01/12/2024        0.0000        0.0000        0.0000        0.0000        0.0000        0.0000
  45303.6667  01/12/2024        0.0000        0.0000        0.0000        0.0000        0.0000        0.0000
  45303.7083  01/12/2024        0.0000        0.0000        0.0000        0.0000        0.0000        0.0000
  45303.7500  01/12/2024        0.0000        0.0000        0.0000        0.0000        0.0000        0.0000
  45303.7917  01/12/2024        0.0000        0.0000        0.0000        0.0000        0.0000        0.0000
  45303.8333  01/12/2024        0.0000        0.0000        0.0000        0.0000        0.0000        0.0000
  45303.8750  01/12/2024        0.0000        0.0000        0.0000        0.0000        0.0000        0.0000
  45303.9167  01/12/2024        0.0000        0.0000        0.0000        0.0000        0.0000        0.0000
  45303.9583  01/12/2024        0.0000        0.0000        0.0000        0.0000        0.0000        0.0000
  45304.0000  01/13/2024        0.0000        0.0000        0.0000        0.0000        0.0000        0.0000
  45304.0417  01/13/2024        0.0000        0.0000        0.0000        0.0000        0.0000        0.0000
  45304.0833  01/13/2024        0.0000        0.0000        0.0000        0.0000        0.0000        0.0000
  45304.1250  01/13/2024        0.0000        0.0000        0.0000        0.0000        0.0000        0.0000
  45304.1667  01/13/2024        0.0000        0.0000        0.0000        0.0000        0.0000        0.0000
  45304.2083  01/13/2024        0.0000        0.0000        0.0000        0.0000        0.0000        0.0000
  45304.2500  01/13/2024        0.0000        0.0000        0.0000        0.0000        0.0000        0.0000
  45304.2917  01/13/2024        0.0000        0.0000        0.0000        0.0000        0.0000        0.0000
  45304.3333  01/13/2024        0.0000        0.0000        0.0000        0.0000        0.0000        0.0000
  45304.3750  01/13/2024        0.0000        0.0000        0.0000        0.0000        0.0000        0.0000
  45304.4167  01/13/2024        0.0000        0.0000        0.0000        0.0000        0.0000        0.0000
  45304.4583  01/13/2024        0.0000        0.0000        0.0000        0.0000        0.0000        0.0000
  45304.5000  01/13/2024        0.0000        0.0000        0.0000        0.0000        0.0000        0.0000
  45304.5417  01/13/2024        0.0000        0.0000        0.0000        0.0000        0.0000        0.0000
  45304.5833  01/13/2024        0.0000        0.0000        0.0000        0.0000        0.0000        0.0000
  45304.6250  01/13/2024        0.0000        0.0000        0.0000        0.0000        0.0000        0.0000
  45304.6667  01/13/2024        0.0000        0.0000        0.0000        0.0000        0.0000        0.0000
  45304.7083  01/13/2024        0.0000        0.0000        0.0000        0.0000        0.0000        0.0000
  45304.7500  01/13/2024        0.0000        0.0000        0.0000        0.0000        0.0000        0.0000
  45304.7917  01/13/2024        0.0000        0.0000        0.0000        0.0000        0.0000        0.0000
  45304.8333  01/13/2024        0.0000        0.0000        0.0000        0.0000        0.0000        0.0000
  45304.8750  01/13/2024        0.0000        0.0000        0.0000        0.0000        0.0000        0.0000
  45304.9167  01/13/2024        0.0000        0.0000        0.0000        0.0000        0.0000        0.0000
  45304.9583  01/13/2024        0.0000        0.0000        0.0000        0.0000        0.0000        0.0000
  45305.0000  01/14/2024        0.0000        0.0000        0.0000        0.0000        0.0000        0.0000
  45305.0417  01/14/2024        0.0000        0.0000        0.0000        0.0000        0.0000        0.0000
  45305.0833  01/14/2024        0.0000        0.0000        0.0000        0.0000        0.0000        0.0000
  45305.1250  01/14/2024        0.0000        0.0000        0.0000        0.0000        0.0000        0.0000
  45305.1667  01/14/2024        0.0000        0.0000        0.0000        0.0000        0.0000        0.0000
  45305.2083  01/14/2024        0.0000        0.0000        0.0000        0.0000        0.0000        0.0000
  45305.2500  01/14/2024        0.0000        0.0000        0.0000        0.0000        0.0000        0.0000
  45305.2917  01/14/2024        0.0000        0.0000        0.0000        0.0000        0.0000        0.0000
  45305.3333  01/14/2024        0.0000        0.0000        0.0000        0.0000        0.0000        0.0000
  45305.3750  01/14/2024        0.0000        0.0000        0.0000        0.0000        0.0000        0.0000
  45305.4167  01/14/2024        0.0000        0.0000        0.0000        0.0000        0.0000        0.0000
  45305.4583  01/14/2024        0.0000        0.0000        0.0000        0.0000        0.0000        0.0000
  45305.5000  01/14/2024        0.0000        0.0000        0.0000        0.0000        0.0000        0.0000
  45305.5417  01/14/2024        0.0000        0.0000        0.0000        0.0000        0.0000        0.0000
  45305.5833  01/14/2024        0.0000        0.0000        0.0000        0.0000        0.0000        0.0000
  45305.6250  01/14/2024        0.0000        0.0000        0.0000        0.0000        0.0000        0.0000
  45305.6667  01/14/2024        0.0000        0.0000        0.0000        0.0000        0.0000        0.0000
  45305.7083  01/14/2024        0.0000        0.0000        0.0000        0.0000        0.0000        0.0000
  45305.7500  01/14/2024        0.0000        0.0000        0.0000        0.0000        0.0000        0.0000
  45305.7917  01/14/2024        0.0000        0.0000        0.0000        0.0000        0.0000        0.0000
  45305.8333  01/14/2024        0.0000        0.0000        0.0000        0.0000        0.0000        0.0000
  45305.8750  01/14/2024        0.0000        0.0000        0.0000        0.0000        0.0000        0.0000
  45305.9167  01/14/2024        0.0000        0.0000        0.0000        0.0000        0.0000        0.0000
  45305.9583  01/14/2024        0.0000        0.0000        0.0000        0.0000        0.0000        0.0000
  45306.0000  01/15/2024        0.0000        0.0000        0.0000        0.0000        0.0000        0.0000
  45306.0417  01/15/2024        0.0000        0.0000        0.0000        0.0000        0.0000        0.0000
  45306.0833  01/15/2024        0.0000        0.0000        0.0000        0.0000        0.0000        0.0000
  45306.1250  01/15/2024        0.0000        0.0000        0.0000        0.0000        0.0000        0.0000
  45306.1667  01/15/2024        0.0000        0.0000        0.0000        0.0000        0.0000        0.0000
  45306.2083  01/15/2024        0.0000        0.0000        0.0000        0.0000        0.0000        0.0000
  45306.2500  01/15/2024        0.0000        0.0000        0.0000        0.0000        0.0000        0.0000
  45306.2917  01/15/2024        0.0000        0.0000        0.0000        0.0000        0.0000        0.0000
  45306.3333  01/15/2024        0.0000        0.0000        0.0000        0.0000        0.0000        0.0000
  45306.3750  01/15/2024        0.0000        0.0000        0.0000        0.0000        0.0000        0.0000
  45306.4167  01/15/2024        0.0000        0.0000        0.0000        0.0000        0.0000        0.0000
  45306.4583  01/15/2024        0.0000        0.0000        0.0000        0.0000        0.0000        0.0000
  45306.5000  01/15/2024        0.0000        0.0000        0.0000        0.0000        0.0000        0.0000
  45306.5417  01/15/2024        0.0000        0.0000        0.0000        0.0000        0.0000        0.0000
  45306.5833  01/15/2024        0.0000        0.0000        0.0000        0.0000        0.0000        0.0000
  45306.6250  01/15/2024        0.0000        0.0000        0.0000        0.0000        0.0000        0.0000
  45306.6667  01/15/2024        0.0000        0.0000        0.0000        0.0000        0.0000        0.0000
  45306.7083  01/15/2024        0.0000        0.0000        0.0000        0.0000        0.0000        0.0000
  45306.7500  01/15/2024        0.0000        0.0000        0.0000        0.0000        0.0000        0.0000
  45306.7917  01/15/2024        0.0000        0.0000        0.0000        0.0000        0.0000        0.0000
  45306.8333  01/15/2024        0.0000        0.0000        0.0000        0.0000        0.0000        0.0000
  45306.8750  01/15/2024        0.0000        0.0000        0.0000        0.0000        0.0000        0.0000
  45306.9167  01/15/2024        0.0000        0.0000        0.0000        0.0000        0.0000        0.0000
  45306.9583  01/15/2024        0.0000        0.0000        0.0000        0.0000        0.0000        0.0000
  45307.0000  01/16/2024        0.0000        0.0000        0.0000        0.0000        0.0000        0.0000
  45307.0417  01/16/2024        0.0000        0.0000        0.0000        0.0000        0.0000        0.0000
  45307.0833  01/16/2024        0.0000        0.0000        0.0000        0.0000        0.0000        0.0000
  45307.1250  01/16/2024        0.0000        0.0000        0.0000        0.0000        0.0000        0.0000
  45307.1667  01/16/2024        0.0000        0.0000        0.0000        0.0000        0.0000        0.0000
  45307.2083  01/16/2024        0.0000        0.0000        0.0000        0.0000        0.0000        0.0000
  45307.2500  01/16/2024        0.0000        0.0000        0.0000        0.0000        0.0000        0.0000
  45307.2917  01/16/2024        0.0000        0.0000        0.0000        0.0000        0.0000        0.0000
  45307.3333  01/16/2024        0.0000        0.0000        0.0000        0.0000        0.0000        0.0000
  45307.3750  01/16/2024        0.0000        0.0000        0.0000        0.0000        0.0000        0.0000
  45307.4167  01/16/2024        0.0000        0.0000        0.0000        0.0000        0.0000        0.0000
  45307.4583  01/16/2024        0.0000        0.0000        0.0000        0.0000        0.0000        0.0000
  45307.5000  01/16/2024        0.0000        0.0000        0.0000        0.0000        0.0000        0.0000
  45307.5417  01/16/2024        0.0000        0.0000        0.0000        0.0000        0.0000        0.0000
  45307.5833  01/16/2024        0.0000        0.0000        0.0000        0.0000        0.0000        0.0000
  45307.6250  01/16/2024        0.0000        0.0000        0.0000        0.0000        0.0000        0.0000
  45307.6667  01/16/2024        0.0000        0.0000        0.0000        0.0000        0.0000        0.0000
  45307.7083  01/16/2024        0.0000        0.0000        0.0000        0.0000        0.0000        0.0000
  45307.7500  01/16/2024        0.0000        0.0000        0.0000        0.0000        0.0000        0.0000
  45307.7917  01/16/2024        0.0000        0.0000        0.0000        0.0000        0.0000        0.0000
  45307.8333  01/16/2024        0.0000        0.0000        0.0000        0.0000        0.0000        0.0000
  45307.8750  01/16/2024        0.0000        0.0000        0.0000        0.0000        0.0000        0.0000
  45307.9167  01/16/2024        0.0000        0.0000        0.0000        0.0000        0.0000        0.0000
  45307.9583  01/16/2024        0.0000        0.0000        0.0000        0.0000        0.0000        0.0000
  45308.0000  01/17/2024        0.0000        0.0000        0.0000        0.0000        0.0000        0.0000
  45308.0417  01/17/2024        0.0000        0.0000        0.0000        0.0000        0.0000        0.0000
  45308.0833  01/17/2024        0.0000        0.0000        0.0000        0.0000        0.0000        0.0000
  45308.1250  01/17/2024        0.0000        0.0000        0.0000        0.0000        0.0000        0.0000
  45308.1667  01/17/2024        0.0000        0.0000        0.0000        0.0000        0.0000        0.0000
  45308.2083  01/17/2024        0.0000        0.0000        0.0000        0.0000        0.0000        0.0000
  45308.2500  01/17/2024        0.0000        0.0000        0.0000        0.0000        0.0000        0.0000
  45308.2917  01/17/2024        0.0000        0.0000        0.0000        0.0000        0.0000        0.0000
  45308.3333  01/17/2024        0.0000        0.0000        0.0000        0.0000        0.0000        0.0000
  45308.3750  01/17/2024        0.0000        0.0000        0.0000        0.0000        0.0000        0.0000
  45308.4167  01/17/2024        0.0000        0.0000        0.0000        0.0000        0.0000        0.0000
  45308.4583  01/17/2024        0.0000        0.0000        0.0000        0.0000        0.0000        0.0000
  45308.5000  01/17/2024        0.0000        0.0000        0.0000        0.0000        0.0000        0.0000
  45308.5417  01/17/2024        0.0000        0.0000        0.0000        0.0000        0.0000        0.0000
  45308.5833  01/17/2024        0.0000        0.0000        0.0000        0.0000        0.0000        0.0000
  45308.6250  01/17/2024        0.0000        0.0000        0.0000        0.0000        0.0000        0.0000
  45308.6667  01/17/2024        0.0000        0.0000        0.0000        0.0000        0.0000        0.0000
  45308.7083  01/17/2024        0.0000        0.0000        0.0000        0.0000        0.0000        0.0000
  45308.7500  01/17/2024        0.0000        0.0000        0.0000        0.0000        0.0000        0.0000
  45308.7917  01/17/2024        0.0000        0.0000        0.0000        0.0000        0.0000        0.0000
  45308.8333  01/17/2024        0.0000        0.0000        0.0000        0.0000        0.0000        0.0000
  45308.8750  01/17/2024        0.0000        0.0000        0.0000        0.0000        0.0000        0.0000
  45308.9167  01/17/2024        0.0000        0.0000        0.0000        0.0000        0.0000        0.0000
  45308.9583  01/17/2024        0.0000        0.0000        0.0000        0.0000        0.0000        0.0000
  45309.0000  01/18/2024        0.0000        0.0000        0.0000        0.0000        0.0000        0.0000
  45309.0417  01/18/2024        0.0000        0.0000        0.0000        0.0000        0.0000        0.0000
  45309.0833  01/18/2024        0.0000        0.0000        0.0000        0.0000        0.0000        0.0000
  45309.1250  01/18/2024        0.0000        0.0000        0.0000        0.0000        0.0000        0.0000
  45309.1667  01/18/2024        0.0000        0.0000        0.0000        0.0000        0.0000        0.0000
  45309.2083  01/18/2024        0.0000        0.0000        0.0000        0.0000        0.0000        0.0000
  45309.2500  01/18/2024        0.0000        0.0000        0.0000        0.0000        0.0000        0.0000
  45309.2917  01/18/2024        0.0000        0.0000        0.0000        0.0000        0.0000        0.0000
  45309.3333  01/18/2024        0.0000        0.0000        0.0000        0.0000        0.0000        0.0000
  45309.3750  01/18/2024        0.0000        0.0000        0.0000        0.0000        0.0000        0.0000
  45309.4167  01/18/2024        0.0000        0.0000        0.0000        0.0000        0.0000        0.0000
  45309.4583  01/18/2024        0.0000        0.0000        0.0000        0.0000        0.0000        0.0000
  45309.5000  01/18/2024        0.0000        0.0000        0.0000        0.0000        0.0000        0.0000
  45309.5417  01/18/2024        0.0000        0.0000        0.0000        0.0000        0.0000        0.0000
  45309.5833  01/18/2024        0.0000        0.0000        0.0000        0.0000        0.0000        0.0000
  45309.6250  01/18/2024        0.0000        0.0000        0.0000        0.0000        0.0000        0.0000
  45309.6667  01/18/2024        0.0000        0.0000        0.0000        0.0000        0.0000        0.0000
  45309.7083  01/18/2024        0.0000        0.0000        0.0000        0.0000        0.0000        0.0000
  45309.7500  01/18/2024        0.0000        0.0000        0.0000        0.0000        0.0000        0.0000
  45309.7917  01/18/2024        0.0000        0.0000        0.0000        0.0000        0.0000        0.0000
  45309.8333  01/18/2024        0.0000        0.0000        0.0000        0.0000        0.0000        0.0000
  45309.8750  01/18/2024        0.0000        0.0000        0.0000        0.0000        0.0000        0.0000
  45309.9167  01/18/2024        0.0000        0.0000        0.0000        0.0000        0.0000        0.0000
  45309.9583  01/18/2024        0.0000        0.0000        0.0000        0.0000        0.0000        0.0000
  45310.0000  01/19/2024        0.0000        0.0000        0.0000        0.0000        0.0000        0.0000
  45310.0417  01/19/2024        0.0000        0.0000        0.0000        0.0000        0.0000        0.0000
  45310.0833  01/19/2024        0.0000        0.0000        0.0000        0.0000        0.0000        0.0000
  45310.1250  01/19/2024        0.0000        0.0000        0.0000        0.0000        0.0000        0.0000
  45310.1667  01/19/2024        0.0000        0.0000        0.0000        0.0000        0.0000        0.0000
  45310.2083  01/19/2024        0.0000        0.0000        0.0000        0.0000        0.0000        0.0000
  45310.2500  01/19/2024        0.0000        0.0000        0.0000        0.0000        0.0000        0.0000
  45310.2917  01/19/2024        0.0000        0.0000        0.0000        0.0000        0.0000        0.0000
  45310.3333  01/19/2024        0.0000        0.0000        0.0000        0.0000        0.0000        0.0000
  45310.3750  01/19/2024        0.0000        0.0000        0.0000        0.0000        0.0000        0.0000
  45310.4167  01/19/2024        0.0000        0.0000        0.0000        0.0000        0.0000        0.0000
  45310.4583  01/19/2024        0.0000        0.0000        0.0000        0.0000        0.0000        0.0000
  45310.5000  01/19/2024        0.0000        0.0000        0.0000        0.0000        0.0000        0.0000
  45310.5417  01/19/2024        0.0000        0.0000        0.0000        0.0000        0.0000        0.0000
  45310.5833  01/19/2024        0.0000        0.0000        0.0000        0.0000        0.0000        0.0000
  45310.6250  01/19/2024        0.0000        0.0000        0.0000        0.0000        0.0000        0.0000
  45310.6667  01/19/2024        0.0000        0.0000        0.0000        0.0000        0.0000        0.0000
  45310.7083  01/19/2024        0.0000        0.0000        0.0000        0.0000        0.0000        0.0000
  45310.7500  01/19/2024        0.0000        0.0000        0.0000        0.0000        0.0000        0.0000
  45310.7917  01/19/2024        0.0000        0.0000        0.0000        0.0000        0.0000        0.0000
  45310.8333  01/19/2024        0.0000        0.0000        0.0000        0.0000        0.0000        0.0000
  45310.8750  01/19/2024        0.0000        0.0000        0.0000        0.0000        0.0000        0.0000
  45310.9167  01/19/2024        0.0000        0.0000        0.0000        0.0000        0.0000        0.0000
  45310.9583  01/19/2024        0.0000        0.0000        0.0000        0.0000        0.0000        0.0000
  45311.0000  01/20/2024        0.0000        0.0000        0.0000        0.0000        0.0000        0.0000
  45311.0417  01/20/2024        0.0000        0.0000        0.0000        0.0000        0.0000        0.0000
  45311.0833  01/20/2024        0.0000        0.0000        0.0000        0.0000        0.0000        0.0000
  45311.1250  01/20/2024        0.0000        0.0000        0.0000        0.0000        0.0000        0.0000
  45311.1667  01/20/2024        0.0000        0.0000        0.0000        0.0000        0.0000        0.0000
  45311.2083  01/20/2024        0.0000        0.0000        0.0000        0.0000        0.0000        0.0000
  45311.2500  01/20/2024        0.0000        0.0000        0.0000        0.0000        0.0000        0.0000
  45311.2917  01/20/2024        0.0000        0.0000        0.0000        0.0000        0.0000        0.0000
  45311.3333  01/20/2024        0.0000        0.0000        0.0000        0.0000        0.0000        0.0000
  45311.3750  01/20/2024        0.0000        0.0000        0.0000        0.0000        0.0000        0.0000
  45311.4167  01/20/2024        0.0000        0.0000        0.0000        0.0000        0.0000        0.0000
  45311.4583  01/20/2024        0.0000        0.0000        0.0000        0.0000        0.0000        0.0000
  45311.5000  01/20/2024        0.0000        0.0000        0.0000        0.0000        0.0000        0.0000
  45311.5417  01/20/2024        0.0000        0.0000        0.0000        0.0000        0.0000        0.0000
  45311.5833  01/20/2024        0.0000        0.0000        0.0000        0.0000        0.0000        0.0000
  45311.6250  01/20/2024        0.0000        0.0000        0.0000        0.0000        0.0000        0.0000
  45311.6667  01/20/2024        0.0000        0.0000        0.0000        0.0000        0.0000        0.0000
  45311.7083  01/20/2024        0.0000        0.0000        0.0000        0.0000        0.0000        0.0000
  45311.7500  01/20/2024        0.0000        0.0000        0.0000        0.0000        0.0000        0.0000
  45311.7917  01/20/2024        0.0000        0.0000        0.0000        0.0000        0.0000        0.0000
  45311.8333  01/20/2024        0.0000        0.0000        0.0000        0.0000        0.0000        0.0000
  45311.8750  01/20/2024        0.0000        0.0000        0.0000        0.0000        0.0000        0.0000
  45311.9167  01/20/2024        0.0000        0.0000        0.0000        0.0000        0.0000        0.0000
  45311.9583  01/20/2024        0.0000        0.0000        0.0000        0.0000        0.0000        0.0000
  45312.0000  01/21/2024        0.0000        0.0000        0.0000        0.0000        0.0000        0.0000
  45312.0417  01/21/2024        0.0000        0.0000        0.0000        0.0000        0.0000        0.0000
  45312.0833  01/21/2024        0.0000        0.0000        0.0000        0.0000        0.0000        0.0000
  45312.1250  01/21/2024        0.0000        0.0000        0.0000        0.0000        0.0000        0.0000
  45312.1667  01/21/2024        0.0000        0.0000        0.0000        0.0000        0.0000        0.0000
  45312.2083  01/21/2024        0.0000        0.0000        0.0000        0.0000        0.0000        0.0000
  45312.2500  01/21/2024        0.0000        0.0000        0.0000        0.0000        0.0000        0.0000
  45312.2917  01/21/2024        0.0000        0.0000        0.0000        0.0000        0.0000        0.0000
  45312.3333  01/21/2024        0.0000        0.0000        0.0000        0.0000        0.0000        0.0000
  45312.3750  01/21/2024        0.0000        0.0000        0.0000        0.0000        0.0000        0.0000
  45312.4167  01/21/2024        0.0000        0.0000        0.0000        0.0000        0.0000        0.0000
  45312.4583  01/21/2024        0.0000        0.0000        0.0000        0.0000        0.0000        0.0000
  45312.5000  01/21/2024        0.0000        0.0000        0.0000        0.0000        0.0000        0.0000
  45312.5417  01/21/2024        0.0000        0.0000        0.0000        0.0000        0.0000        0.0000
  45312.5833  01/21/2024        0.0000        0.0000        0.0000        0.0000        0.0000        0.0000
  45312.6250  01/21/2024        0.0000        0.0000        0.0000        0.0000        0.0000        0.0000
  45312.6667  01/21/2024        0.0000        0.0000        0.0000        0.0000        0.0000        0.0000
  45312.7083  01/21/2024        0.0000        0.0000        0.0000        0.0000        0.0000        0.0000
  45312.7500  01/21/2024        0.0000        0.0000        0.0000        0.0000        0.0000        0.0000
  45312.7917  01/21/2024        0.0000        0.0000        0.0000        0.0000        0.0000        0.0000
  45312.8333  01/21/2024        0.0000        0.0000        0.0000        0.0000        0.0000        0.0000
  45312.8750  01/21/2024        0.0000        0.0000        0.0000        0.0000        0.0000        0.0000
  45312.9167  01/21/2024        0.0000        0.0000        0.0000        0.0000        0.0000        0.0000
  45312.9583  01/21/2024        0.0000        0.0000        0.0000        0.0000        0.0000        0.0000
  45313.0000  01/22/2024        0.0000        0.0000        0.0000        0.0000        0.0000        0.0000
  45313.0417  01/22/2024        0.0000        0.0000        0.0000        0.0000        0.0000        0.0000
  45313.0833  01/22/2024        0.0000        0.0000        0.0000        0.0000        0.0000        0.0000
  45313.1250  01/22/2024        0.0000        0.0000        0.0000        0.0000        0.0000        0.0000
  45313.1667  01/22/2024        0.0000        0.0000        0.0000        0.0000        0.0000        0.0000
  45313.2083  01/22/2024        0.0000        0.0000        0.0000        0.0000        0.0000        0.0000
  45313.2500  01/22/2024        0.0000        0.0000        0.0000        0.0000        0.0000        0.0000
  45313.2917  01/22/2024        0.0000        0.0000        0.0000        0.0000        0.0000        0.0000
  45313.3333  01/22/2024        0.0000        0.0000        0.0000        0.0000        0.0000        0.0000
  45313.3750  01/22/2024        0.0000        0.0000        0.0000        0.0000        0.0000        0.0000
  45313.4167  01/22/2024        0.0000        0.0000        0.0000        0.0000        0.0000        0.0000
  45313.4583  01/22/2024        0.0000        0.0000        0.0000        0.0000        0.0000        0.0000
  45313.5000  01/22/2024        0.0000        0.0000        0.0000        0.0000        0.0000        0.0000
  45313.5417  01/22/2024        0.0000        0.0000        0.0000        0.0000        0.0000        0.0000
  45313.5833  01/22/2024        0.0000        0.0000        0.0000        0.0000        0.0000        0.0000
  45313.6250  01/22/2024        0.0000        0.0000        0.0000        0.0000        0.0000        0.0000
  45313.6667  01/22/2024        0.0000        0.0000        0.0000        0.0000        0.0000        0.0000
  45313.7083  01/22/2024        0.0000        0.0000        0.0000        0.0000        0.0000        0.0000
  45313.7500  01/22/2024        0.0000        0.0000        0.0000        0.0000        0.0000        0.0000
  45313.7917  01/22/2024        0.0000        0.0000        0.0000        0.0000        0.0000        0.0000
  45313.8333  01/22/2024        0.0000        0.0000        0.0000        0.0000        0.0000        0.0000
  45313.8750  01/22/2024        0.0000        0.0000        0.0000        0.0000        0.0000        0.0000
  45313.9167  01/22/2024        0.0000        0.0000        0.0000        0.0000        0.0000        0.0000
  45313.9583  01/22/2024        0.0000        0.0000        0.0000        0.0000        0.0000        0.0000
  45314.0000  01/23/2024        0.0000        0.0000        0.0000        0.0000        0.0000        0.0000
  45314.0417  01/23/2024        0.0000        0.0000        0.0000        0.0000        0.0000        0.0000
  45314.0833  01/23/2024        0.0000        0.0000        0.0000        0.0000        0.0000        0.0000
  45314.1250  01/23/2024        0.0000        0.0000        0.0000        0.0000        0.0000        0.0000
  45314.1667  01/23/2024        0.0000        0.0000        0.0000        0.0000        0.0000        0.0000
  45314.2083  01/23/2024        0.0000        0.0000        0.0000        0.0000        0.0000        0.0000
  45314.2500  01/23/2024        0.0000        0.0000        0.0000        0.0000        0.0000        0.0000
  45314.2917  01/23/2024        0.0000        0.0000        0.0000        0.0000        0.0000        0.0000
  45314.3333  01/23/2024        0.0000        0.0000        0.0000        0.0000        0.0000        0.0000
  45314.3750  01/23/2024        0.0000        0.0000        0.0000        0.0000        0.0000        0.0000
  45314.4167  01/23/2024        0.0000        0.0000        0.0000        0.0000        0.0000        0.0000
  45314.4583  01/23/2024        0.0000        0.0000        0.0000        0.0000        0.0000        0.0000
  45314.5000  01/23/2024        0.0000        0.0000        0.0000        0.0000        0.0000        0.0000
  45314.5417  01/23/2024        0.0000        0.0000        0.0000        0.0000        0.0000        0.0000
  45314.5833  01/23/2024        0.0000        0.0000        0.0000        0.0000        0.0000        0.0000
  45314.6250  01/23/2024        0.0000        0.0000        0.0000        0.0000        0.0000        0.0000
  45314.6667  01/23/2024        0.0000        0.0000        0.0000        0.0000        0.0000        0.0000
  45314.7083  01/23/2024        0.0000        0.0000        0.0000        0.0000        0.0000        0.0000
  45314.7500  01/23/2024        9.7695        9.7637        0.0000        0.0000        0.0000        0.0000
  45314.7917  01/23/2024       37.5750       37.5502        0.0000        0.0000        0.0000        0.0000
  45314.8333  01/23/2024       36.9710       36.9468        0.0000        0.0000        0.0000        0.0000
  45314.8750  01/23/2024        0.0000        0.0000        0.0000        0.0000        0.0000        0.0000
  45314.9167  01/23/2024        0.0000        0.0000        0.0000        0.0000        0.0000        0.0000
  45314.9583  01/23/2024        0.0000        0.0000        0.0000        0.0000        0.0000        0.0000
  45315.0000  01/24/2024        0.0000        0.0000        0.0000        0.0000        0.0000        0.0000
  45315.0417  01/24/2024        0.0000        0.0000        0.0000        0.0000        0.0000        0.0000
  45315.0833  01/24/2024        0.0000        0.0000        0.0000        0.0000        0.0000        0.0000
  45315.1250  01/24/2024        0.0000        0.0000        0.0000        0.0000        0.0000        0.0000
  45315.1667  01/24/2024        0.0000        0.0000        0.0000        0.0000        0.0000        0.0000
  45315.2083  01/24/2024        0.0000        0.0000        0.0000        0.0000        0.0000        0.0000
  45315.2500  01/24/2024        0.0000        0.0000        0.0000        0.0000        0.0000        0.0000
  45315.2917  01/24/2024        0.0000        0.0000        0.0000        0.0000        0.0000        0.0000
  45315.3333  01/24/2024        0.0000        0.0000        0.0000        0.0000        0.0000        0.0000
  45315.3750  01/24/2024        0.0000        0.0000        0.0000        0.0000        0.0000        0.0000
  45315.4167  01/24/2024        0.0000        0.0000        0.0000        0.0000        0.0000        0.0000
  45315.4583  01/24/2024        0.0000        0.0000        0.0000        0.0000        0.0000        0.0000
  45315.5000  01/24/2024        0.0000        0.0000        0.0000        0.0000        0.0000        0.0000
  45315.5417  01/24/2024        0.0000        0.0000        0.0000        0.0000        0.0000        0.0000
  45315.5833  01/24/2024        0.0000        0.0000        0.0000        0.0000        0.0000        0.0000
  45315.6250  01/24/2024        0.0000        0.0000        0.0000        0.0000        0.0000        0.0000
  45315.6667  01/24/2024        0.0000        0.0000        0.0000        0.0000        0.0000        0.0000
  45315.7083  01/24/2024        0.0000        0.0000        0.0000        0.0000        0.0000        0.0000
  45315.7500  01/24/2024        0.0000        0.0000        0.0000        0.0000        0.0000        0.0000
  45315.7917  01/24/2024        0.0000        0.0000        0.0000        0.0000        0.0000        0.0000
  45315.8333  01/24/2024        0.0000        0.0000        0.0000        0.0000        0.0000        0.0000
  45315.8750  01/24/2024        0.0000        0.0000        0.0000        0.0000        0.0000        0.0000
  45315.9167  01/24/2024        0.0000        0.0000        0.0000        0.0000        0.0000        0.0000
  45315.9583  01/24/2024        0.0000        0.0000        0.0000        0.0000        0.0000        0.0000
  45316.0000  01/25/2024        0.0000        0.0000        0.0000        0.0000        0.0000        0.0000
  45316.0417  01/25/2024        0.0000        0.0000        0.0000        0.0000        0.0000        0.0000
  45316.0833  01/25/2024        0.0000        0.0000        0.0000        0.0000        0.0000        0.0000
  45316.1250  01/25/2024        0.0000        0.0000        0.0000        0.0000        0.0000        0.0000
  45316.1667  01/25/2024        0.0000        0.0000        0.0000        0.0000        0.0000        0.0000
  45316.2083  01/25/2024        0.0000        0.0000        0.0000        0.0000        0.0000        0.0000
  45316.2500  01/25/2024        0.0000        0.0000        0.0000        0.0000        0.0000        0.0000
  45316.2917  01/25/2024        0.0000        0.0000        0.0000        0.0000        0.0000        0.0000
  45316.3333  01/25/2024        0.0000        0.0000        0.0000        0.0000        0.0000        0.0000
  45316.3750  01/25/2024        0.0000        0.0000        0.0000        0.0000        0.0000        0.0000
  45316.4167  01/25/2024        0.0000        0.0000        0.0000        0.0000        0.0000        0.0000
  45316.4583  01/25/2024        0.0000        0.0000        0.0000        0.0000        0.0000        0.0000
  45316.5000  01/25/2024        0.0000        0.0000        0.0000        0.0000        0.0000        0.0000
  45316.5417  01/25/2024        0.0000        0.0000        0.0000        0.0000        0.0000        0.0000
  45316.5833  01/25/2024        0.0000        0.0000        0.0000        0.0000        0.0000        0.0000
  45316.6250  01/25/2024        0.0000        0.0000        0.0000        0.0000        0.0000        0.0000
  45316.6667  01/25/2024        0.0000        0.0000        0.0000        0.0000        0.0000        0.0000
  45316.7083  01/25/2024        0.0000        0.0000        0.0000        0.0000        0.0000        0.0000
  45316.7500  01/25/2024        0.0000        0.0000        0.0000        0.0000        0.0000        0.0000
  45316.7917  01/25/2024        0.0000        0.0000        0.0000        0.0000        0.0000        0.0000
  45316.8333  01/25/2024        0.0000        0.0000        0.0000        0.0000        0.0000        0.0000
  45316.8750  01/25/2024        0.0000        0.0000        0.0000        0.0000        0.0000        0.0000
  45316.9167  01/25/2024        0.0000        0.0000        0.0000        0.0000        0.0000        0.0000
  45316.9583  01/25/2024        0.0000        0.0000        0.0000        0.0000        0.0000        0.0000
  45317.0000  01/26/2024        0.0000        0.0000        0.0000        0.0000        0.0000        0.0000
  45317.0417  01/26/2024        0.0000        0.0000        0.0000        0.0000        0.0000        0.0000
  45317.0833  01/26/2024        0.0000        0.0000        0.0000        0.0000        0.0000        0.0000
  45317.1250  01/26/2024        0.0000        0.0000        0.0000        0.0000        0.0000        0.0000
  45317.1667  01/26/2024        0.0000        0.0000        0.0000        0.0000        0.0000        0.0000
  45317.2083  01/26/2024        0.0000        0.0000        0.0000        0.0000        0.0000        0.0000
  45317.2500  01/26/2024        0.0000        0.0000        0.0000        0.0000        0.0000        0.0000
  45317.2917  01/26/2024        0.0000        0.0000        0.0000        0.0000        0.0000        0.0000
  45317.3333  01/26/2024        0.0000        0.0000        0.0000        0.0000        0.0000        0.0000
  45317.3750  01/26/2024        0.0000        0.0000        0.0000        0.0000        0.0000        0.0000
  45317.4167  01/26/2024        0.0000        0.0000        0.0000        0.0000        0.0000        0.0000
  45317.4583  01/26/2024        0.0000        0.0000        0.0000        0.0000        0.0000        0.0000
  45317.5000  01/26/2024        0.0000        0.0000        0.0000        0.0000        0.0000        0.0000
  45317.5417  01/26/2024        0.0000        0.0000        0.0000        0.0000        0.0000        0.0000
  45317.5833  01/26/2024        0.0000        0.0000        0.0000        0.0000        0.0000        0.0000
  45317.6250  01/26/2024        0.0000        0.0000        0.0000        0.0000        0.0000        0.0000
  45317.6667  01/26/2024        0.0000        0.0000        0.0000        0.0000        0.0000        0.0000
  45317.7083  01/26/2024        0.0000        0.0000        0.0000        0.0000        0.0000        0.0000
  45317.7500  01/26/2024        0.0000        0.0000        0.0000        0.0000        0.0000        0.0000
  45317.7917  01/26/2024        0.0000        0.0000        0.0000        0.0000        0.0000        0.0000
  45317.8333  01/26/2024        0.0000        0.0000        0.0000        0.0000        0.0000        0.0000
  45317.8750  01/26/2024        0.0000        0.0000        0.0000        0.0000        0.0000        0.0000
  45317.9167  01/26/2024        0.0000        0.0000        0.0000        0.0000        0.0000        0.0000
  45317.9583  01/26/2024        0.0000        0.0000        0.0000        0.0000        0.0000        0.0000
  45318.0000  01/27/2024        0.0000        0.0000        0.0000        0.0000        0.0000        0.0000
  45318.0417  01/27/2024        0.0000        0.0000        0.0000        0.0000        0.0000        0.0000
  45318.0833  01/27/2024        0.0000        0.0000        0.0000        0.0000        0.0000        0.0000
  45318.1250  01/27/2024        0.0000        0.0000        0.0000        0.0000        0.0000        0.0000
  45318.1667  01/27/2024        0.0000        0.0000        0.0000        0.0000        0.0000        0.0000
  45318.2083  01/27/2024        0.0000        0.0000        0.0000        0.0000        0.0000        0.0000
  45318.2500  01/27/2024        0.0000        0.0000        0.0000        0.0000        0.0000        0.0000
  45318.2917  01/27/2024        0.0000        0.0000        0.0000        0.0000        0.0000        0.0000
  45318.3333  01/27/2024        0.0000        0.0000        0.0000        0.0000        0.0000        0.0000
  45318.3750  01/27/2024        0.0000        0.0000        0.0000        0.0000        0.0000        0.0000
  45318.4167  01/27/2024        0.0000        0.0000        0.0000        0.0000        0.0000        0.0000
  45318.4583  01/27/2024        0.0000        0.0000        0.0000        0.0000        0.0000        0.0000
  45318.5000  01/27/2024        0.0000        0.0000        0.0000        0.0000        0.0000        0.0000
  45318.5417  01/27/2024        0.0000        0.0000        0.0000        0.0000        0.0000        0.0000
  45318.5833  01/27/2024        0.0000        0.0000        0.0000        0.0000        0.0000        0.0000
  45318.6250  01/27/2024        0.0000        0.0000        0.0000        0.0000        0.0000        0.0000
  45318.6667  01/27/2024        0.0000        0.0000        0.0000        0.0000        0.0000        0.0000
  45318.7083  01/27/2024        0.0000        0.0000        0.0000        0.0000        0.0000        0.0000
  45318.7500  01/27/2024        0.0000        0.0000        0.0000        0.0000        0.0000        0.0000
  45318.7917  01/27/2024        0.0000        0.0000        0.0000        0.0000        0.0000        0.0000
  45318.8333  01/27/2024        0.0000        0.0000        0.0000        0.0000        0.0000        0.0000
  45318.8750  01/27/2024        0.0000        0.0000        0.0000        0.0000        0.0000        0.0000
  45318.9167  01/27/2024        0.0000        0.0000        0.0000        0.0000        0.0000        0.0000
  45318.9583  01/27/2024        0.0000        0.0000        0.0000        0.0000        0.0000        0.0000
  45319.0000  01/28/2024        0.0000        0.0000        0.0000        0.0000        0.0000        0.0000
  45319.0417  01/28/2024        0.0000        0.0000        0.0000        0.0000        0.0000        0.0000
  45319.0833  01/28/2024        0.0000        0.0000        0.0000        0.0000        0.0000        0.0000
  45319.1250  01/28/2024        0.0000        0.0000        0.0000        0.0000        0.0000        0.0000
  45319.1667  01/28/2024        0.0000        0.0000        0.0000        0.0000        0.0000        0.0000
  45319.2083  01/28/2024        0.0000        0.0000        0.0000        0.0000        0.0000        0.0000
  45319.2500  01/28/2024        0.0000        0.0000        0.0000        0.0000        0.0000        0.0000
  45319.2917  01/28/2024        0.0000        0.0000        0.0000        0.0000        0.0000        0.0000
  45319.3333  01/28/2024        0.0000        0.0000        0.0000        0.0000        0.0000        0.0000
  45319.3750  01/28/2024        0.0000        0.0000        0.0000        0.0000        0.0000        0.0000
  45319.4167  01/28/2024        0.0000        0.0000        0.0000        0.0000        0.0000        0.0000
  45319.4583  01/28/2024        0.0000        0.0000        0.0000        0.0000        0.0000        0.0000
  45319.5000  01/28/2024        0.0000        0.0000        0.0000        0.0000        0.0000        0.0000
  45319.5417  01/28/2024        0.0000        0.0000        0.0000        0.0000        0.0000        0.0000
  45319.5833  01/28/2024        0.0000        0.0000        0.0000        0.0000        0.0000        0.0000
  45319.6250  01/28/2024        0.0000        0.0000        0.0000        0.0000        0.0000        0.0000
  45319.6667  01/28/2024        0.0000        0.0000        0.0000        0.0000        0.0000        0.0000
  45319.7083  01/28/2024        0.0000        0.0000        0.0000        0.0000        0.0000        0.0000
  45319.7500  01/28/2024        0.0000        0.0000        0.0000        0.0000        0.0000        0.0000
  45319.7917  01/28/2024        0.0000        0.0000        0.0000        0.0000        0.0000        0.0000
  45319.8333  01/28/2024        0.0000        0.0000        0.0000        0.0000        0.0000        0.0000
  45319.8750  01/28/2024        0.0000        0.0000        0.0000        0.0000        0.0000        0.0000
  45319.9167  01/28/2024        0.0000        0.0000        0.0000        0.0000        0.0000        0.0000
  45319.9583  01/28/2024        0.0000        0.0000        0.0000        0.0000        0.0000        0.0000
  45320.0000  01/29/2024        0.0000        0.0000        0.0000        0.0000        0.0000        0.0000
  45320.0417  01/29/2024        0.0000        0.0000        0.0000        0.0000        0.0000        0.0000
  45320.0833  01/29/2024        0.0000        0.0000        0.0000        0.0000        0.0000        0.0000
  45320.1250  01/29/2024        0.0000        0.0000        0.0000        0.0000        0.0000        0.0000
  45320.1667  01/29/2024        0.0000        0.0000        0.0000        0.0000        0.0000        0.0000
  45320.2083  01/29/2024        0.0000        0.0000        0.0000        0.0000        0.0000        0.0000
  45320.2500  01/29/2024        0.0000        0.0000        0.0000        0.0000        0.0000        0.0000
  45320.2917  01/29/2024        0.0000        0.0000        0.0000        0.0000        0.0000        0.0000
  45320.3333  01/29/2024        0.0000        0.0000        0.0000        0.0000        0.0000        0.0000
  45320.3750  01/29/2024        0.0000        0.0000        0.0000        0.0000        0.0000        0.0000
  45320.4167  01/29/2024        0.0000        0.0000        0.0000        0.0000        0.0000        0.0000
  45320.4583  01/29/2024        0.0000        0.0000        0.0000        0.0000        0.0000        0.0000
  45320.5000  01/29/2024        0.0000        0.0000        0.0000        0.0000        0.0000        0.0000
  45320.5417  01/29/2024        0.0000        0.0000        0.0000        0.0000        0.0000        0.0000
  45320.5833  01/29/2024        0.0000        0.0000        0.0000        0.0000        0.0000        0.0000
  45320.6250  01/29/2024        0.0000        0.0000        0.0000        0.0000        0.0000        0.0000
  45320.6667  01/29/2024        0.0000        0.0000        0.0000        0.0000        0.0000        0.0000
  45320.7083  01/29/2024        0.0000        0.0000        0.0000        0.0000        0.0000        0.0000
  45320.7500  01/29/2024        0.0000        0.0000        0.0000        0.0000        0.0000        0.0000
  45320.7917  01/29/2024        0.0000        0.0000        0.0000        0.0000        0.0000        0.0000
  45320.8333  01/29/2024        0.0000        0.0000        0.0000        0.0000        0.0000        0.0000
  45320.8750  01/29/2024        0.0000        0.0000        0.0000        0.0000        0.0000        0.0000
  45320.9167  01/29/2024        0.0000        0.0000        0.0000        0.0000        0.0000        0.0000
  45320.9583  01/29/2024        0.0000        0.0000        0.0000        0.0000        0.0000        0.0000
  45321.0000  01/30/2024        0.0000        0.0000        0.0000        0.0000        0.0000        0.0000
  45321.0417  01/30/2024        0.0000        0.0000        0.0000        0.0000        0.0000        0.0000
  45321.0833  01/30/2024        0.0000        0.0000        0.0000        0.0000        0.0000        0.0000
  45321.1250  01/30/2024        0.0000        0.0000        0.0000        0.0000        0.0000        0.0000
  45321.1667  01/30/2024        0.0000        0.0000        0.0000        0.0000        0.0000        0.0000
  45321.2083  01/30/2024        0.0000        0.0000        0.0000        0.0000        0.0000        0.0000
  45321.2500  01/30/2024        0.0000        0.0000        0.0000        0.0000        0.0000        0.0000
  45321.2917  01/30/2024        0.0000        0.0000        0.0000        0.0000        0.0000        0.0000
  45321.3333  01/30/2024        0.0000        0.0000        0.0000        0.0000        0.0000        0.0000
  45321.3750  01/30/2024        0.0000        0.0000        0.0000        0.0000        0.0000        0.0000
  45321.4167  01/30/2024        0.0000        0.0000        0.0000        0.0000        0.0000        0.0000
  45321.4583  01/30/2024        0.0000        0.0000        0.0000        0.0000        0.0000        0.0000
  45321.5000  01/30/2024        0.0000        0.0000        0.0000        0.0000        0.0000        0.0000
  45321.5417  01/30/2024        0.0000        0.0000        0.0000        0.0000        0.0000        0.0000
  45321.5833  01/30/2024        0.0000        0.0000        0.0000        0.0000        0.0000        0.0000
  45321.6250  01/30/2024        0.0000        0.0000        0.0000        0.0000        0.0000        0.0000
  45321.6667  01/30/2024        0.0000        0.0000        0.0000        0.0000        0.0000        0.0000
  45321.7083  01/30/2024        0.0000        0.0000        0.0000        0.0000        0.0000        0.0000
  45321.7500  01/30/2024        0.0000        0.0000        0.0000        0.0000        0.0000        0.0000
  45321.7917  01/30/2024        0.0000        0.0000        0.0000        0.0000        0.0000        0.0000
  45321.8333  01/30/2024        0.0000        0.0000        0.0000        0.0000        0.0000        0.0000
  45321.8750  01/30/2024        0.0000        0.0000        0.0000        0.0000        0.0000        0.0000
  45321.9167  01/30/2024        0.0000        0.0000        0.0000        0.0000        0.0000        0.0000
  45321.9583  01/30/2024        0.0000        0.0000        0.0000        0.0000        0.0000        0.0000
  45322.0000  01/31/2024        0.0000        0.0000        0.0000        0.0000        0.0000        0.0000
  45322.0417  01/31/2024        0.0000        0.0000        0.0000        0.0000        0.0000        0.0000
  45322.0833  01/31/2024        0.0000        0.0000        0.0000        0.0000        0.0000        0.0000
  45322.1250  01/31/2024        0.0000        0.0000        0.0000        0.0000        0.0000        0.0000
  45322.1667  01/31/2024        0.0000        0.0000        0.0000        0.0000        0.0000        0.0000
  45322.2083  01/31/2024        0.0000        0.0000        0.0000        0.0000        0.0000        0.0000
  45322.2500  01/31/2024        0.0000        0.0000        0.0000        0.0000        0.0000        0.0000
  45322.2917  01/31/2024        0.0000        0.0000        0.0000        0.0000        0.0000        0.0000
  45322.3333  01/31/2024        0.0000        0.0000        0.0000        0.0000        0.0000        0.0000
  45322.3750  01/31/2024        0.0000        0.0000        0.0000        0.0000        0.0000        0.0000
  45322.4167  01/31/2024        0.0000        0.0000        0.0000        0.0000        0.0000        0.0000
  45322.4583  01/31/2024        0.0000        0.0000        0.0000        0.0000        0.0000        0.0000
  45322.5000  01/31/2024        0.0000        0.0000        0.0000        0.0000        0.0000        0.0000
  45322.5417  01/31/2024        0.0000        0.0000        0.0000        0.0000        0.0000        0.0000
  45322.5833  01/31/2024        0.0000        0.0000        0.0000        0.0000        0.0000        0.0000
  45322.6250  01/31/2024        0.0000        0.0000        0.0000        0.0000        0.0000        0.0000
  45322.6667  01/31/2024        0.0000        0.0000        0.0000        0.0000        0.0000        0.0000
  45322.7083  01/31/2024        0.0000        0.0000        0.0000        0.0000        0.0000        0.0000
  45322.7500  01/31/2024        0.0000        0.0000        0.0000        0.0000        0.0000        0.0000
  45322.7917  01/31/2024        0.0000        0.0000        0.0000        0.0000        0.0000        0.0000
  45322.8333  01/31/2024        0.0000        0.0000        0.0000        0.0000        0.0000        0.0000
  45322.8750  01/31/2024        0.0000        0.0000        0.0000        0.0000        0.0000        0.0000
  45322.9167  01/31/2024        0.0000        0.0000        0.0000        0.0000        0.0000        0.0000
  45322.9583  01/31/2024        0.0000        0.0000        0.0000        0.0000        0.0000        0.0000
  45323.0000  02/01/2024        0.0000        0.0000        0.0000        0.0000        0.0000        0.0000
  45323.0417  02/01/2024        0.0000        0.0000        0.0000        0.0000        0.0000        0.0000
  45323.0833  02/01/2024        0.0000        0.0000        0.0000        0.0000        0.0000        0.0000
  45323.1250  02/01/2024        0.0000        0.0000        0.0000        0.0000        0.0000        0.0000
  45323.1667  02/01/2024        0.0000        0.0000        0.0000        0.0000        0.0000        0.0000
  45323.2083  02/01/2024        0.0000        0.0000        0.0000        0.0000        0.0000        0.0000
  45323.2500  02/01/2024        0.0000        0.0000        0.0000        0.0000        0.0000        0.0000
  45323.2917  02/01/2024        0.0000        0.0000        0.0000        0.0000        0.0000        0.0000
  45323.3333  02/01/2024        0.0000        0.0000        0.0000        0.0000        0.0000        0.0000
  45323.3750  02/01/2024        0.0000        0.0000        0.0000        0.0000        0.0000        0.0000
  45323.4167  02/01/2024        0.0000        0.0000        0.0000        0.0000        0.0000        0.0000
  45323.4583  02/01/2024        0.0000        0.0000        0.0000        0.0000        0.0000        0.0000
  45323.5000  02/01/2024        0.0000        0.0000        0.0000        0.0000        0.0000        0.0000
  45323.5417  02/01/2024        0.0000        0.0000        0.0000        0.0000        0.0000        0.0000
  45323.5833  02/01/2024        0.0000        0.0000        0.0000        0.0000        0.0000        0.0000
  45323.6250  02/01/2024        0.0000        0.0000        0.0000        0.0000        0.0000        0.0000
  45323.6667  02/01/2024        0.0000        0.0000        0.0000        0.0000        0.0000        0.0000
  45323.7083  02/01/2024        0.0000        0.0000        0.0000        0.0000        0.0000        0.0000
  45323.7500  02/01/2024        0.0000        0.0000        0.0000        0.0000        0.0000        0.0000
  45323.7917  02/01/2024        0.0000        0.0000        0.0000        0.0000        0.0000        0.0000
  45323.8333  02/01/2024        0.0000        0.0000        0.0000        0.0000        0.0000        0.0000
  45323.8750  02/01/2024        0.0000        0.0000        0.0000        0.0000        0.0000        0.0000
  45323.9167  02/01/2024        0.0000        0.0000        0.0000        0.0000        0.0000        0.0000
  45323.9583  02/01/2024        0.0000        0.0000        0.0000        0.0000        0.0000        0.0000
  45324.0000  02/02/2024        0.0000        0.0000        0.0000        0.0000        0.0000        0.0000
